     1                                  ;hello2.asm
     2                                  section .data
     3 00000000 68656C6C6F2C20776F-     	msg	db	"hello, world", 0
     3 00000009 726C6400           
     4 0000000D 0A                      	NL	db	0x0A	;ascii for new line
     5                                  
     6                                  section .bss
     7                                  section .text
     8                                  	global main
     9                                  
    10                                  main:
    11 00000000 B801000000              	mov rax, 1
    12 00000005 BF01000000              	mov rdi, 1
    13 0000000A 48BE-                   	mov rsi, msg
    13 0000000C [0000000000000000] 
    14 00000014 BA0C000000              	mov rdx, 12
    15                                  
    16 00000019 0F05                    	syscall
    17                                  
    18 0000001B B801000000              	mov rax, 1
    19 00000020 BF01000000              	mov rdi, 1
    20 00000025 48BE-                   	mov rsi, NL
    20 00000027 [0D00000000000000] 
    21 0000002F BA01000000              	mov rdx, 1
    22                                  
    23 00000034 0F05                    	syscall
    24                                  
    25 00000036 B83C000000              	mov rax, 60
    26 0000003B BF00000000              	mov rdi, 0
    27                                  	
    28 00000040 0F05                    	syscall
