     1                                  ;string.asm
     2                                  
     3                                  section .data
     4 00000000 48656C6C6F2C20576F-     	msg1	db	"Hello, World!", 10, 0
     4 00000009 726C64210A00       
     5                                  	msg1Len	equ	$-msg1-1
     6 0000000F 416C69766520616E64-     	msg2	db	"Alive and Kicking!", 10, 0
     6 00000018 204B69636B696E6721-
     6 00000021 0A00               
     7                                  	msg2Len equ	$-msg2-1
     8 00000023 6501000000000000        	radius	dq	357
     9 0000002B 1F85EB51B81E0940        	pi	dq	3.14
    10                                  section .bss
    11                                  section .text
    12                                  	global main
    13                                  
    14                                  main:
    15 00000000 55                      	push rbp
    16 00000001 4889E5                  	mov rbp, rsp
    17 00000004 B801000000              	mov rax, 1
    18 00000009 BF01000000              	mov rdi, 1
    19 0000000E 48BE-                   	mov rsi, msg1
    19 00000010 [0000000000000000] 
    20 00000018 BA0E000000              	mov rdx, msg1Len
    21                                  
    22 0000001D 0F05                    	syscall
    23                                  
    24 0000001F B801000000              	mov rax, 1
    25 00000024 BF01000000              	mov rdi, 1
    26 00000029 48BE-                   	mov rsi, msg2
    26 0000002B [0F00000000000000] 
    27 00000033 BA13000000              	mov rdx, msg2Len
    28                                  
    29 00000038 0F05                    	syscall
    30                                  
    31 0000003A 4889EC                  	mov rsp, rbp
    32 0000003D 5D                      	pop rbp
    33 0000003E B83C000000              	mov rax, 60
    34 00000043 BF00000000              	mov rdi, 0
    35                                  
    36 00000048 0F05                    	syscall
    37                                  
